c:\users\vhpha\onedrive - student.ptithcm.edu.vn\documents\sandbox\c++\dsna_sandbox\flight_management_system\x64\debug\vc143.pdb
c:\users\vhpha\onedrive - student.ptithcm.edu.vn\documents\sandbox\c++\dsna_sandbox\flight_management_system\x64\debug\vc143.idb
c:\users\vhpha\onedrive - student.ptithcm.edu.vn\documents\sandbox\c++\dsna_sandbox\flight_management_system\x64\debug\my_fprot.obj
c:\users\vhpha\onedrive - student.ptithcm.edu.vn\documents\sandbox\c++\dsna_sandbox\flight_management_system\x64\debug\imgui_widgets.obj
c:\users\vhpha\onedrive - student.ptithcm.edu.vn\documents\sandbox\c++\dsna_sandbox\flight_management_system\x64\debug\imgui_tables.obj
c:\users\vhpha\onedrive - student.ptithcm.edu.vn\documents\sandbox\c++\dsna_sandbox\flight_management_system\x64\debug\imgui_impl_sdlrenderer2.obj
c:\users\vhpha\onedrive - student.ptithcm.edu.vn\documents\sandbox\c++\dsna_sandbox\flight_management_system\x64\debug\imgui_impl_sdl2.obj
c:\users\vhpha\onedrive - student.ptithcm.edu.vn\documents\sandbox\c++\dsna_sandbox\flight_management_system\x64\debug\imgui_draw.obj
c:\users\vhpha\onedrive - student.ptithcm.edu.vn\documents\sandbox\c++\dsna_sandbox\flight_management_system\x64\debug\imgui_demo.obj
c:\users\vhpha\onedrive - student.ptithcm.edu.vn\documents\sandbox\c++\dsna_sandbox\flight_management_system\x64\debug\imgui.obj
c:\users\vhpha\onedrive - student.ptithcm.edu.vn\documents\sandbox\c++\dsna_sandbox\flight_management_system\x64\debug\main.obj
c:\users\vhpha\onedrive - student.ptithcm.edu.vn\documents\sandbox\c++\dsna_sandbox\flight_management_system\x64\debug\flight_management_system.ilk
c:\users\vhpha\onedrive - student.ptithcm.edu.vn\documents\sandbox\c++\dsna_sandbox\x64\debug\flight_management_system.exe
c:\users\vhpha\onedrive - student.ptithcm.edu.vn\documents\sandbox\c++\dsna_sandbox\x64\debug\flight_management_system.pdb
c:\users\vhpha\onedrive - student.ptithcm.edu.vn\documents\sandbox\c++\dsna_sandbox\x64\debug\flight_management_system.lib
c:\users\vhpha\onedrive - student.ptithcm.edu.vn\documents\sandbox\c++\dsna_sandbox\x64\debug\flight_management_system.exp
d:\learning_src_code\ptit\dsna\flight_management_system\x64\debug\imgui.obj
d:\learning_src_code\ptit\dsna\flight_management_system\x64\debug\imgui_demo.obj
d:\learning_src_code\ptit\dsna\flight_management_system\x64\debug\imgui_draw.obj
d:\learning_src_code\ptit\dsna\flight_management_system\x64\debug\imgui_impl_sdl2.obj
d:\learning_src_code\ptit\dsna\flight_management_system\x64\debug\imgui_impl_sdlrenderer2.obj
d:\learning_src_code\ptit\dsna\flight_management_system\x64\debug\imgui_tables.obj
d:\learning_src_code\ptit\dsna\flight_management_system\x64\debug\imgui_widgets.obj
d:\learning_src_code\ptit\dsna\flight_management_system\x64\debug\main.obj
d:\learning_src_code\ptit\dsna\flight_management_system\x64\debug\my_fprot.obj
d:\learning_src_code\ptit\dsna\flight_management_system\x64\debug\flight_management_system.ilk
d:\learning_src_code\ptit\dsna\flight_management_system\x64\debug\vc143.idb
d:\learning_src_code\ptit\dsna\flight_management_system\x64\debug\vc143.pdb
d:\learning_src_code\ptit\dsna\x64\debug\flight_management_system.pdb
d:\learning_src_code\ptit\dsna\x64\debug\flight_management_system.exe
d:\learning_src_code\ptit\dsna\flight_management_system\x64\debug\flight_m.3cdcfebc.tlog\cl.command.1.tlog
d:\learning_src_code\ptit\dsna\flight_management_system\x64\debug\flight_m.3cdcfebc.tlog\cl.items.tlog
d:\learning_src_code\ptit\dsna\flight_management_system\x64\debug\flight_m.3cdcfebc.tlog\cl.read.1.tlog
d:\learning_src_code\ptit\dsna\flight_management_system\x64\debug\flight_m.3cdcfebc.tlog\cl.write.1.tlog
d:\learning_src_code\ptit\dsna\flight_management_system\x64\debug\flight_m.3cdcfebc.tlog\link.command.1.tlog
d:\learning_src_code\ptit\dsna\flight_management_system\x64\debug\flight_m.3cdcfebc.tlog\link.read.1.tlog
d:\learning_src_code\ptit\dsna\flight_management_system\x64\debug\flight_m.3cdcfebc.tlog\link.write.1.tlog
d:\learning_src_code\ptit\dsna\flight_management_system\x64\debug\flight_m.3cdcfebc.tlog\link.write.2u.tlog
