C:\Program Files\Microsoft Visual Studio\2022\Community\MSBuild\Microsoft\VC\v170\Microsoft.CppBuild.targets(531,5): warning MSB8028: The intermediate directory (x64\Debug\) contains files shared from another project (Flight_Management_System.vcxproj).  This can lead to incorrect clean and rebuild behavior.
  main.cpp
D:\Learning_Src_Code\PTIT\DSnA\Flight_Management_System\Manipulation\Declaration\my_fProt.h(15,17): warning C5043: 'terminate': exception specification does not match previous declaration
  (compiling source file 'main.cpp')
  C:\Program Files (x86)\Windows Kits\10\Include\10.0.22621.0\ucrt\corecrt_terminate.h(33,48):
  see declaration of 'terminate'
  
D:\Learning_Src_Code\PTIT\DSnA\Flight_Management_System\Manipulation\Declaration\my_fProt.h(15,6): warning C4273: 'terminate': inconsistent dll linkage
  (compiling source file 'main.cpp')
  C:\Program Files (x86)\Windows Kits\10\Include\10.0.22621.0\ucrt\corecrt_terminate.h(33,48):
  see previous definition of 'terminate'
  
D:\Learning_Src_Code\PTIT\DSnA\Flight_Management_System\Manipulation\my_gui.h(125,1): warning C5043: 'terminate': exception specification does not match previous declaration
  (compiling source file 'main.cpp')
  C:\Program Files (x86)\Windows Kits\10\Include\10.0.22621.0\ucrt\corecrt_terminate.h(33,48):
  see declaration of 'terminate'
  
D:\Learning_Src_Code\PTIT\DSnA\Flight_Management_System\Manipulation\my_gui.h(161,77): warning C4244: 'argument': conversion from 'int' to 'float', possible loss of data
  (compiling source file 'main.cpp')
  
D:\Learning_Src_Code\PTIT\DSnA\Flight_Management_System\Manipulation\my_gui.h(161,49): warning C4244: 'argument': conversion from 'int' to 'float', possible loss of data
  (compiling source file 'main.cpp')
  
D:\Learning_Src_Code\PTIT\DSnA\Flight_Management_System\Manipulation\my_gui.h(162,98): warning C4244: 'argument': conversion from 'int' to 'float', possible loss of data
  (compiling source file 'main.cpp')
  
D:\Learning_Src_Code\PTIT\DSnA\Flight_Management_System\Manipulation\my_gui.h(162,70): warning C4244: 'argument': conversion from 'int' to 'float', possible loss of data
  (compiling source file 'main.cpp')
  
D:\Learning_Src_Code\PTIT\DSnA\Flight_Management_System\Manipulation\my_gui.h(167,81): warning C4244: 'argument': conversion from 'int' to 'float', possible loss of data
  (compiling source file 'main.cpp')
  
D:\Learning_Src_Code\PTIT\DSnA\Flight_Management_System\Manipulation\my_gui.h(167,51): warning C4244: 'argument': conversion from 'int' to 'float', possible loss of data
  (compiling source file 'main.cpp')
  
D:\Learning_Src_Code\PTIT\DSnA\Flight_Management_System\Manipulation\my_gui.h(168,100): warning C4244: 'argument': conversion from 'int' to 'float', possible loss of data
  (compiling source file 'main.cpp')
  
D:\Learning_Src_Code\PTIT\DSnA\Flight_Management_System\Manipulation\my_gui.h(168,70): warning C4244: 'argument': conversion from 'int' to 'float', possible loss of data
  (compiling source file 'main.cpp')
  
D:\Learning_Src_Code\PTIT\DSnA\Flight_Management_System\Manipulation\my_gui.h(174,69): warning C4244: 'argument': conversion from 'int' to 'float', possible loss of data
  (compiling source file 'main.cpp')
  
D:\Learning_Src_Code\PTIT\DSnA\Flight_Management_System\Manipulation\my_gui.h(174,45): warning C4244: 'argument': conversion from 'int' to 'float', possible loss of data
  (compiling source file 'main.cpp')
  
D:\Learning_Src_Code\PTIT\DSnA\Flight_Management_System\Manipulation\my_gui.h(175,87): warning C4244: 'argument': conversion from 'int' to 'float', possible loss of data
  (compiling source file 'main.cpp')
  
D:\Learning_Src_Code\PTIT\DSnA\Flight_Management_System\Manipulation\my_gui.h(175,63): warning C4244: 'argument': conversion from 'int' to 'float', possible loss of data
  (compiling source file 'main.cpp')
  
D:\Learning_Src_Code\PTIT\DSnA\Flight_Management_System\Manipulation\my_gui.h(181,71): warning C4244: 'argument': conversion from 'int' to 'float', possible loss of data
  (compiling source file 'main.cpp')
  
D:\Learning_Src_Code\PTIT\DSnA\Flight_Management_System\Manipulation\my_gui.h(181,46): warning C4244: 'argument': conversion from 'int' to 'float', possible loss of data
  (compiling source file 'main.cpp')
  
D:\Learning_Src_Code\PTIT\DSnA\Flight_Management_System\Manipulation\my_gui.h(182,85): warning C4244: 'argument': conversion from 'int' to 'float', possible loss of data
  (compiling source file 'main.cpp')
  
D:\Learning_Src_Code\PTIT\DSnA\Flight_Management_System\Manipulation\my_gui.h(182,60): warning C4244: 'argument': conversion from 'int' to 'float', possible loss of data
  (compiling source file 'main.cpp')
  
D:\Learning_Src_Code\PTIT\DSnA\Flight_Management_System\Manipulation\my_gui.h(342,19): warning C4244: 'initializing': conversion from 'float' to 'int', possible loss of data
  (compiling source file 'main.cpp')
  
D:\Learning_Src_Code\PTIT\DSnA\Flight_Management_System\Manipulation\my_gui.h(343,19): warning C4244: 'initializing': conversion from 'float' to 'int', possible loss of data
  (compiling source file 'main.cpp')
  
D:\Learning_Src_Code\PTIT\DSnA\Flight_Management_System\Manipulation\my_gui.h(344,24): warning C4244: 'argument': conversion from 'int' to 'float', possible loss of data
  (compiling source file 'main.cpp')
  
D:\Learning_Src_Code\PTIT\DSnA\Flight_Management_System\Manipulation\my_gui.h(348,152): warning C4390: ';': empty controlled statement found; is this the intent?
  (compiling source file 'main.cpp')
  
  imgui.cpp
  imgui_demo.cpp
  imgui_draw.cpp
  imgui_impl_sdl2.cpp
  imgui_impl_sdlrenderer2.cpp
  imgui_tables.cpp
  imgui_widgets.cpp
  my_fProt.h
D:\Learning_Src_Code\PTIT\DSnA\Flight_Management_System\Manipulation\Declaration\my_fProt.h(15,17): warning C5043: 'terminate': exception specification does not match previous declaration
  C:\Program Files (x86)\Windows Kits\10\Include\10.0.22621.0\ucrt\corecrt_terminate.h(33,48):
  see declaration of 'terminate'
  
D:\Learning_Src_Code\PTIT\DSnA\Flight_Management_System\Manipulation\Declaration\my_fProt.h(15,6): warning C4273: 'terminate': inconsistent dll linkage
  C:\Program Files (x86)\Windows Kits\10\Include\10.0.22621.0\ucrt\corecrt_terminate.h(33,48):
  see previous definition of 'terminate'
  
  Generating Code...
     Creating library D:\Learning_Src_Code\PTIT\DSnA\x64\Debug\FMS.lib and object D:\Learning_Src_Code\PTIT\DSnA\x64\Debug\FMS.exp
  Flight_Management_System.vcxproj -> D:\Learning_Src_Code\PTIT\DSnA\x64\Debug\FMS.exe
