d:\learning_src_code\ptit\dsna\flight_management_system\x64\release\vc143.pdb
d:\learning_src_code\ptit\dsna\flight_management_system\x64\release\my_fprot.obj
d:\learning_src_code\ptit\dsna\flight_management_system\x64\release\imgui_widgets.obj
d:\learning_src_code\ptit\dsna\flight_management_system\x64\release\imgui_tables.obj
d:\learning_src_code\ptit\dsna\flight_management_system\x64\release\imgui_impl_sdlrenderer2.obj
d:\learning_src_code\ptit\dsna\flight_management_system\x64\release\imgui_impl_sdl2.obj
d:\learning_src_code\ptit\dsna\flight_management_system\x64\release\imgui_draw.obj
d:\learning_src_code\ptit\dsna\flight_management_system\x64\release\imgui_demo.obj
d:\learning_src_code\ptit\dsna\flight_management_system\x64\release\imgui.obj
d:\learning_src_code\ptit\dsna\flight_management_system\x64\release\main.obj
d:\learning_src_code\ptit\dsna\x64\release\flight_management_system.exe
d:\learning_src_code\ptit\dsna\flight_management_system\x64\release\flight_management_system.ipdb
d:\learning_src_code\ptit\dsna\x64\release\flight_management_system.pdb
d:\learning_src_code\ptit\dsna\flight_management_system\x64\release\flight_management_system.iobj
d:\learning_src_code\ptit\dsna\x64\release\flight_management_system.lib
d:\learning_src_code\ptit\dsna\x64\release\flight_management_system.exp
d:\learning_src_code\ptit\dsna\flight_management_system\x64\release\flight_m.3cdcfebc.tlog\cl.command.1.tlog
d:\learning_src_code\ptit\dsna\flight_management_system\x64\release\flight_m.3cdcfebc.tlog\cl.items.tlog
d:\learning_src_code\ptit\dsna\flight_management_system\x64\release\flight_m.3cdcfebc.tlog\cl.read.1.tlog
d:\learning_src_code\ptit\dsna\flight_management_system\x64\release\flight_m.3cdcfebc.tlog\cl.write.1.tlog
d:\learning_src_code\ptit\dsna\flight_management_system\x64\release\flight_m.3cdcfebc.tlog\link.command.1.tlog
d:\learning_src_code\ptit\dsna\flight_management_system\x64\release\flight_m.3cdcfebc.tlog\link.read.1.tlog
d:\learning_src_code\ptit\dsna\flight_management_system\x64\release\flight_m.3cdcfebc.tlog\link.write.1.tlog
d:\learning_src_code\ptit\dsna\flight_management_system\x64\release\flight_m.3cdcfebc.tlog\link.write.2u.tlog
